<?xml version="1.0" encoding="UTF-8"?>
<coverage generated="1579595303252" clover="3.2.0">
  <project timestamp="1579595303252" name="All files">
    <metrics statements="144" coveredstatements="126" conditionals="63" coveredconditionals="42" methods="58" coveredmethods="53" elements="265" coveredelements="221" complexity="0" loc="144" ncloc="144" packages="5" files="9" classes="9"/>
    <package name="components.chat-window">
      <metrics statements="27" coveredstatements="24" conditionals="12" coveredconditionals="8" methods="10" coveredmethods="8"/>
      <file name="chatwindow.js" path="/Users/bpatel/Desktop/Practise/react/drds/src/components/chat-window/chatwindow.js">
        <metrics statements="27" coveredstatements="24" conditionals="12" coveredconditionals="8" methods="10" coveredmethods="8"/>
        <line num="19" count="3" type="stmt"/>
        <line num="20" count="3" type="stmt"/>
        <line num="21" count="3" type="cond" truecount="3" falsecount="1"/>
        <line num="22" count="0" type="stmt"/>
        <line num="24" count="3" type="stmt"/>
        <line num="32" count="3" type="stmt"/>
        <line num="33" count="3" type="stmt"/>
        <line num="38" count="3" type="stmt"/>
        <line num="43" count="3" type="stmt"/>
        <line num="47" count="0" type="cond" truecount="0" falsecount="2"/>
        <line num="51" count="3" type="stmt"/>
        <line num="52" count="3" type="stmt"/>
        <line num="53" count="9" type="cond" truecount="2" falsecount="0"/>
        <line num="54" count="6" type="stmt"/>
        <line num="56" count="3" type="stmt"/>
        <line num="59" count="3" type="stmt"/>
        <line num="64" count="3" type="stmt"/>
        <line num="68" count="3" type="stmt"/>
        <line num="72" count="1" type="stmt"/>
        <line num="81" count="2" type="stmt"/>
        <line num="91" count="10" type="stmt"/>
        <line num="92" count="10" type="stmt"/>
        <line num="93" count="10" type="cond" truecount="2" falsecount="0"/>
        <line num="94" count="3" type="stmt"/>
        <line num="97" count="10" type="cond" truecount="1" falsecount="1"/>
        <line num="98" count="10" type="stmt"/>
        <line num="101" count="0" type="stmt"/>
      </file>
      <file name="index.js" path="/Users/bpatel/Desktop/Practise/react/drds/src/components/chat-window/index.js">
        <metrics statements="0" coveredstatements="0" conditionals="0" coveredconditionals="0" methods="0" coveredmethods="0"/>
      </file>
    </package>
    <package name="components.group-chat">
      <metrics statements="58" coveredstatements="47" conditionals="35" coveredconditionals="23" methods="20" coveredmethods="17"/>
      <file name="groupchat.js" path="/Users/bpatel/Desktop/Practise/react/drds/src/components/group-chat/groupchat.js">
        <metrics statements="58" coveredstatements="47" conditionals="35" coveredconditionals="23" methods="20" coveredmethods="17"/>
        <line num="11" count="8" type="stmt"/>
        <line num="12" count="8" type="stmt"/>
        <line num="22" count="8" type="stmt"/>
        <line num="23" count="8" type="stmt"/>
        <line num="25" count="8" type="stmt"/>
        <line num="26" count="8" type="stmt"/>
        <line num="28" count="8" type="stmt"/>
        <line num="29" count="8" type="stmt"/>
        <line num="31" count="8" type="stmt"/>
        <line num="36" count="1" type="stmt"/>
        <line num="41" count="1" type="stmt"/>
        <line num="45" count="1" type="stmt"/>
        <line num="46" count="1" type="stmt"/>
        <line num="50" count="0" type="cond" truecount="0" falsecount="2"/>
        <line num="51" count="0" type="stmt"/>
        <line num="52" count="0" type="stmt"/>
        <line num="62" count="4" type="stmt"/>
        <line num="63" count="4" type="stmt"/>
        <line num="64" count="4" type="cond" truecount="3" falsecount="1"/>
        <line num="65" count="0" type="stmt"/>
        <line num="69" count="4" type="stmt"/>
        <line num="70" count="4" type="stmt"/>
        <line num="71" count="4" type="cond" truecount="3" falsecount="1"/>
        <line num="72" count="0" type="stmt"/>
        <line num="75" count="4" type="stmt"/>
        <line num="76" count="4" type="cond" truecount="3" falsecount="1"/>
        <line num="77" count="0" type="stmt"/>
        <line num="82" count="1" type="stmt"/>
        <line num="83" count="1" type="stmt"/>
        <line num="84" count="1" type="stmt"/>
        <line num="87" count="1" type="stmt"/>
        <line num="91" count="8" type="stmt"/>
        <line num="95" count="3" type="stmt"/>
        <line num="96" count="3" type="stmt"/>
        <line num="100" count="3" type="stmt"/>
        <line num="107" count="5" type="cond" truecount="1" falsecount="1"/>
        <line num="108" count="5" type="stmt"/>
        <line num="117" count="8" type="cond" truecount="4" falsecount="0"/>
        <line num="118" count="2" type="stmt"/>
        <line num="121" count="8" type="stmt"/>
        <line num="122" count="8" type="stmt"/>
        <line num="123" count="0" type="stmt"/>
        <line num="129" count="22" type="cond" truecount="1" falsecount="1"/>
        <line num="130" count="0" type="stmt"/>
        <line num="136" count="22" type="cond" truecount="2" falsecount="2"/>
        <line num="137" count="0" type="stmt"/>
        <line num="140" count="22" type="cond" truecount="4" falsecount="1"/>
        <line num="142" count="0" type="stmt"/>
        <line num="150" count="2" type="stmt"/>
        <line num="154" count="0" type="stmt"/>
        <line num="163" count="2" type="stmt"/>
        <line num="173" count="30" type="stmt"/>
        <line num="174" count="30" type="stmt"/>
        <line num="176" count="30" type="stmt"/>
        <line num="178" count="30" type="cond" truecount="1" falsecount="1"/>
        <line num="180" count="30" type="stmt"/>
        <line num="181" count="71" type="stmt"/>
        <line num="203" count="30" type="stmt"/>
      </file>
      <file name="index.js" path="/Users/bpatel/Desktop/Practise/react/drds/src/components/group-chat/index.js">
        <metrics statements="0" coveredstatements="0" conditionals="0" coveredconditionals="0" methods="0" coveredmethods="0"/>
      </file>
    </package>
    <package name="components.login">
      <metrics statements="17" coveredstatements="17" conditionals="6" coveredconditionals="5" methods="7" coveredmethods="7"/>
      <file name="index.js" path="/Users/bpatel/Desktop/Practise/react/drds/src/components/login/index.js">
        <metrics statements="0" coveredstatements="0" conditionals="0" coveredconditionals="0" methods="0" coveredmethods="0"/>
      </file>
      <file name="login.js" path="/Users/bpatel/Desktop/Practise/react/drds/src/components/login/login.js">
        <metrics statements="17" coveredstatements="17" conditionals="6" coveredconditionals="5" methods="7" coveredmethods="7"/>
        <line num="8" count="4" type="stmt"/>
        <line num="9" count="4" type="stmt"/>
        <line num="17" count="4" type="stmt"/>
        <line num="18" count="4" type="stmt"/>
        <line num="19" count="4" type="stmt"/>
        <line num="20" count="4" type="stmt"/>
        <line num="24" count="1" type="cond" truecount="1" falsecount="1"/>
        <line num="25" count="1" type="stmt"/>
        <line num="26" count="1" type="stmt"/>
        <line num="30" count="2" type="stmt"/>
        <line num="31" count="2" type="stmt"/>
        <line num="36" count="2" type="stmt"/>
        <line num="41" count="1" type="stmt"/>
        <line num="47" count="9" type="cond" truecount="2" falsecount="0"/>
        <line num="48" count="3" type="stmt"/>
        <line num="58" count="6" type="stmt"/>
        <line num="61" count="6" type="stmt"/>
      </file>
    </package>
    <package name="components.rooms">
      <metrics statements="16" coveredstatements="16" conditionals="2" coveredconditionals="2" methods="8" coveredmethods="8"/>
      <file name="index.js" path="/Users/bpatel/Desktop/Practise/react/drds/src/components/rooms/index.js">
        <metrics statements="0" coveredstatements="0" conditionals="0" coveredconditionals="0" methods="0" coveredmethods="0"/>
      </file>
      <file name="room.js" path="/Users/bpatel/Desktop/Practise/react/drds/src/components/rooms/room.js">
        <metrics statements="16" coveredstatements="16" conditionals="2" coveredconditionals="2" methods="8" coveredmethods="8"/>
        <line num="9" count="7" type="stmt"/>
        <line num="11" count="7" type="stmt"/>
        <line num="19" count="7" type="stmt"/>
        <line num="25" count="7" type="stmt"/>
        <line num="30" count="7" type="stmt"/>
        <line num="34" count="2" type="stmt"/>
        <line num="43" count="5" type="stmt"/>
        <line num="53" count="1" type="stmt"/>
        <line num="58" count="26" type="stmt"/>
        <line num="60" count="26" type="stmt"/>
        <line num="61" count="26" type="cond" truecount="2" falsecount="0"/>
        <line num="62" count="4" type="stmt"/>
        <line num="63" count="20" type="stmt"/>
        <line num="64" count="20" type="stmt"/>
        <line num="67" count="22" type="stmt"/>
        <line num="70" count="26" type="stmt"/>
      </file>
    </package>
    <package name="services">
      <metrics statements="26" coveredstatements="22" conditionals="8" coveredconditionals="4" methods="13" coveredmethods="13"/>
      <file name="apiService.js" path="/Users/bpatel/Desktop/Practise/react/drds/src/services/apiService.js">
        <metrics statements="26" coveredstatements="22" conditionals="8" coveredconditionals="4" methods="13" coveredmethods="13"/>
        <line num="3" count="21" type="stmt"/>
        <line num="7" count="7" type="stmt"/>
        <line num="13" count="7" type="stmt"/>
        <line num="17" count="2" type="cond" truecount="1" falsecount="1"/>
        <line num="18" count="0" type="stmt"/>
        <line num="20" count="2" type="stmt"/>
        <line num="27" count="5" type="stmt"/>
        <line num="29" count="5" type="stmt"/>
        <line num="35" count="5" type="stmt"/>
        <line num="39" count="1" type="cond" truecount="1" falsecount="1"/>
        <line num="40" count="0" type="stmt"/>
        <line num="42" count="1" type="stmt"/>
        <line num="48" count="1" type="stmt"/>
        <line num="50" count="1" type="stmt"/>
        <line num="52" count="1" type="stmt"/>
        <line num="65" count="1" type="stmt"/>
        <line num="69" count="1" type="cond" truecount="1" falsecount="1"/>
        <line num="70" count="0" type="stmt"/>
        <line num="72" count="1" type="stmt"/>
        <line num="79" count="8" type="stmt"/>
        <line num="81" count="8" type="stmt"/>
        <line num="88" count="7" type="stmt"/>
        <line num="92" count="3" type="cond" truecount="1" falsecount="1"/>
        <line num="93" count="0" type="stmt"/>
        <line num="95" count="3" type="stmt"/>
        <line num="99" count="21" type="stmt"/>
      </file>
    </package>
  </project>
</coverage>
