{"/Users/bpatel/Desktop/Practise/react/drds/src/components/chat-window/chatwindow.js": {"path":"/Users/bpatel/Desktop/Practise/react/drds/src/components/chat-window/chatwindow.js","statementMap":{"0":{"start":{"line":19,"column":8},"end":{"line":19,"column":21}},"1":{"start":{"line":20,"column":20},"end":{"line":20,"column":24}},"2":{"start":{"line":21,"column":8},"end":{"line":23,"column":9}},"3":{"start":{"line":22,"column":12},"end":{"line":22,"column":55}},"4":{"start":{"line":24,"column":8},"end":{"line":30,"column":10}},"5":{"start":{"line":32,"column":8},"end":{"line":32,"column":67}},"6":{"start":{"line":33,"column":8},"end":{"line":33,"column":55}},"7":{"start":{"line":38,"column":8},"end":{"line":41,"column":11}},"8":{"start":{"line":43,"column":8},"end":{"line":43,"column":48}},"9":{"start":{"line":47,"column":8},"end":{"line":47,"column":71}},"10":{"start":{"line":51,"column":24},"end":{"line":51,"column":26}},"11":{"start":{"line":52,"column":8},"end":{"line":58,"column":11}},"12":{"start":{"line":53,"column":12},"end":{"line":57,"column":13}},"13":{"start":{"line":54,"column":16},"end":{"line":54,"column":43}},"14":{"start":{"line":56,"column":16},"end":{"line":56,"column":35}},"15":{"start":{"line":59,"column":8},"end":{"line":59,"column":25}},"16":{"start":{"line":64,"column":8},"end":{"line":66,"column":11}},"17":{"start":{"line":68,"column":8},"end":{"line":86,"column":15}},"18":{"start":{"line":72,"column":16},"end":{"line":76,"column":19}},"19":{"start":{"line":81,"column":16},"end":{"line":85,"column":18}},"20":{"start":{"line":91,"column":54},"end":{"line":91,"column":64}},"21":{"start":{"line":92,"column":25},"end":{"line":92,"column":30}},"22":{"start":{"line":93,"column":8},"end":{"line":95,"column":9}},"23":{"start":{"line":94,"column":12},"end":{"line":94,"column":48}},"24":{"start":{"line":97,"column":8},"end":{"line":114,"column":9}},"25":{"start":{"line":98,"column":12},"end":{"line":112,"column":13}},"26":{"start":{"line":101,"column":71},"end":{"line":101,"column":99}}},"fnMap":{"0":{"name":"(anonymous_0)","decl":{"start":{"line":17,"column":4},"end":{"line":17,"column":5}},"loc":{"start":{"line":17,"column":23},"end":{"line":34,"column":5}},"line":17},"1":{"name":"(anonymous_1)","decl":{"start":{"line":36,"column":4},"end":{"line":36,"column":5}},"loc":{"start":{"line":36,"column":24},"end":{"line":44,"column":5}},"line":36},"2":{"name":"(anonymous_2)","decl":{"start":{"line":46,"column":4},"end":{"line":46,"column":5}},"loc":{"start":{"line":46,"column":16},"end":{"line":48,"column":5}},"line":46},"3":{"name":"(anonymous_3)","decl":{"start":{"line":50,"column":4},"end":{"line":50,"column":5}},"loc":{"start":{"line":50,"column":24},"end":{"line":60,"column":5}},"line":50},"4":{"name":"(anonymous_4)","decl":{"start":{"line":52,"column":22},"end":{"line":52,"column":23}},"loc":{"start":{"line":52,"column":38},"end":{"line":58,"column":9}},"line":52},"5":{"name":"(anonymous_5)","decl":{"start":{"line":62,"column":4},"end":{"line":62,"column":5}},"loc":{"start":{"line":62,"column":28},"end":{"line":87,"column":5}},"line":62},"6":{"name":"(anonymous_6)","decl":{"start":{"line":70,"column":18},"end":{"line":70,"column":19}},"loc":{"start":{"line":70,"column":28},"end":{"line":78,"column":13}},"line":70},"7":{"name":"(anonymous_7)","decl":{"start":{"line":79,"column":19},"end":{"line":79,"column":20}},"loc":{"start":{"line":79,"column":30},"end":{"line":86,"column":13}},"line":79},"8":{"name":"(anonymous_8)","decl":{"start":{"line":89,"column":4},"end":{"line":89,"column":5}},"loc":{"start":{"line":89,"column":12},"end":{"line":115,"column":5}},"line":89},"9":{"name":"(anonymous_9)","decl":{"start":{"line":101,"column":60},"end":{"line":101,"column":61}},"loc":{"start":{"line":101,"column":70},"end":{"line":101,"column":100}},"line":101}},"branchMap":{"0":{"loc":{"start":{"line":21,"column":8},"end":{"line":23,"column":9}},"type":"if","locations":[{"start":{"line":21,"column":8},"end":{"line":23,"column":9}},{"start":{"line":21,"column":8},"end":{"line":23,"column":9}}],"line":21},"1":{"loc":{"start":{"line":21,"column":11},"end":{"line":21,"column":59}},"type":"binary-expr","locations":[{"start":{"line":21,"column":11},"end":{"line":21,"column":30}},{"start":{"line":21,"column":34},"end":{"line":21,"column":59}}],"line":21},"2":{"loc":{"start":{"line":47,"column":15},"end":{"line":47,"column":70}},"type":"binary-expr","locations":[{"start":{"line":47,"column":15},"end":{"line":47,"column":40}},{"start":{"line":47,"column":44},"end":{"line":47,"column":70}}],"line":47},"3":{"loc":{"start":{"line":53,"column":12},"end":{"line":57,"column":13}},"type":"if","locations":[{"start":{"line":53,"column":12},"end":{"line":57,"column":13}},{"start":{"line":53,"column":12},"end":{"line":57,"column":13}}],"line":53},"4":{"loc":{"start":{"line":93,"column":8},"end":{"line":95,"column":9}},"type":"if","locations":[{"start":{"line":93,"column":8},"end":{"line":95,"column":9}},{"start":{"line":93,"column":8},"end":{"line":95,"column":9}}],"line":93},"5":{"loc":{"start":{"line":97,"column":8},"end":{"line":114,"column":9}},"type":"if","locations":[{"start":{"line":97,"column":8},"end":{"line":114,"column":9}},{"start":{"line":97,"column":8},"end":{"line":114,"column":9}}],"line":97}},"s":{"0":3,"1":3,"2":3,"3":0,"4":3,"5":3,"6":3,"7":3,"8":3,"9":0,"10":3,"11":3,"12":9,"13":6,"14":3,"15":3,"16":3,"17":3,"18":1,"19":2,"20":10,"21":10,"22":10,"23":3,"24":10,"25":10,"26":0},"f":{"0":3,"1":3,"2":0,"3":3,"4":9,"5":3,"6":1,"7":2,"8":10,"9":0},"b":{"0":[0,3],"1":[3,3],"2":[0,0],"3":[6,3],"4":[3,7],"5":[10,0]},"_coverageSchema":"43e27e138ebf9cfc5966b082cf9a028302ed4184","hash":"fb5083564710c6d82d0b394a565833167f285db1"}
,"/Users/bpatel/Desktop/Practise/react/drds/src/components/chat-window/index.js": {"path":"/Users/bpatel/Desktop/Practise/react/drds/src/components/chat-window/index.js","statementMap":{},"fnMap":{},"branchMap":{},"s":{},"f":{},"b":{},"_coverageSchema":"43e27e138ebf9cfc5966b082cf9a028302ed4184","hash":"4263e24cef69837901dafda9b7d82847d67c82a2"}
,"/Users/bpatel/Desktop/Practise/react/drds/src/components/group-chat/groupchat.js": {"path":"/Users/bpatel/Desktop/Practise/react/drds/src/components/group-chat/groupchat.js","statementMap":{"0":{"start":{"line":11,"column":8},"end":{"line":11,"column":21}},"1":{"start":{"line":12,"column":8},"end":{"line":20,"column":10}},"2":{"start":{"line":22,"column":8},"end":{"line":22,"column":55}},"3":{"start":{"line":23,"column":8},"end":{"line":23,"column":61}},"4":{"start":{"line":25,"column":8},"end":{"line":25,"column":57}},"5":{"start":{"line":26,"column":8},"end":{"line":26,"column":57}},"6":{"start":{"line":28,"column":8},"end":{"line":28,"column":55}},"7":{"start":{"line":29,"column":8},"end":{"line":29,"column":77}},"8":{"start":{"line":31,"column":8},"end":{"line":31,"column":61}},"9":{"start":{"line":36,"column":8},"end":{"line":57,"column":10}},"10":{"start":{"line":41,"column":16},"end":{"line":43,"column":23}},"11":{"start":{"line":45,"column":16},"end":{"line":45,"column":38}},"12":{"start":{"line":46,"column":16},"end":{"line":46,"column":53}},"13":{"start":{"line":50,"column":16},"end":{"line":55,"column":17}},"14":{"start":{"line":51,"column":20},"end":{"line":51,"column":50}},"15":{"start":{"line":52,"column":20},"end":{"line":54,"column":23}},"16":{"start":{"line":62,"column":23},"end":{"line":62,"column":64}},"17":{"start":{"line":63,"column":27},"end":{"line":63,"column":28}},"18":{"start":{"line":64,"column":8},"end":{"line":66,"column":9}},"19":{"start":{"line":65,"column":12},"end":{"line":65,"column":50}},"20":{"start":{"line":69,"column":26},"end":{"line":69,"column":77}},"21":{"start":{"line":70,"column":30},"end":{"line":70,"column":31}},"22":{"start":{"line":71,"column":8},"end":{"line":73,"column":9}},"23":{"start":{"line":72,"column":12},"end":{"line":72,"column":53}},"24":{"start":{"line":75,"column":21},"end":{"line":75,"column":64}},"25":{"start":{"line":76,"column":8},"end":{"line":78,"column":9}},"26":{"start":{"line":77,"column":12},"end":{"line":77,"column":86}},"27":{"start":{"line":82,"column":8},"end":{"line":82,"column":31}},"28":{"start":{"line":83,"column":8},"end":{"line":83,"column":27}},"29":{"start":{"line":84,"column":8},"end":{"line":84,"column":29}},"30":{"start":{"line":87,"column":8},"end":{"line":87,"column":59}},"31":{"start":{"line":91,"column":8},"end":{"line":112,"column":15}},"32":{"start":{"line":95,"column":16},"end":{"line":102,"column":18}},"33":{"start":{"line":96,"column":34},"end":{"line":98,"column":21}},"34":{"start":{"line":100,"column":24},"end":{"line":100,"column":46}},"35":{"start":{"line":107,"column":16},"end":{"line":111,"column":17}},"36":{"start":{"line":108,"column":20},"end":{"line":110,"column":23}},"37":{"start":{"line":117,"column":8},"end":{"line":119,"column":9}},"38":{"start":{"line":118,"column":12},"end":{"line":118,"column":48}},"39":{"start":{"line":121,"column":8},"end":{"line":121,"column":45}},"40":{"start":{"line":122,"column":8},"end":{"line":124,"column":17}},"41":{"start":{"line":123,"column":12},"end":{"line":123,"column":49}},"42":{"start":{"line":129,"column":8},"end":{"line":134,"column":9}},"43":{"start":{"line":130,"column":12},"end":{"line":133,"column":15}},"44":{"start":{"line":136,"column":8},"end":{"line":138,"column":9}},"45":{"start":{"line":137,"column":12},"end":{"line":137,"column":49}},"46":{"start":{"line":140,"column":8},"end":{"line":143,"column":9}},"47":{"start":{"line":142,"column":12},"end":{"line":142,"column":34}},"48":{"start":{"line":150,"column":8},"end":{"line":168,"column":15}},"49":{"start":{"line":154,"column":16},"end":{"line":158,"column":19}},"50":{"start":{"line":163,"column":16},"end":{"line":167,"column":18}},"51":{"start":{"line":173,"column":42},"end":{"line":173,"column":52}},"52":{"start":{"line":174,"column":29},"end":{"line":174,"column":33}},"53":{"start":{"line":176,"column":8},"end":{"line":176,"column":45}},"54":{"start":{"line":178,"column":8},"end":{"line":201,"column":9}},"55":{"start":{"line":180,"column":12},"end":{"line":200,"column":15}},"56":{"start":{"line":181,"column":16},"end":{"line":199,"column":22}},"57":{"start":{"line":203,"column":8},"end":{"line":225,"column":10}}},"fnMap":{"0":{"name":"(anonymous_0)","decl":{"start":{"line":9,"column":4},"end":{"line":9,"column":5}},"loc":{"start":{"line":9,"column":23},"end":{"line":32,"column":5}},"line":9},"1":{"name":"(anonymous_1)","decl":{"start":{"line":34,"column":5},"end":{"line":34,"column":6}},"loc":{"start":{"line":34,"column":19},"end":{"line":58,"column":5}},"line":34},"2":{"name":"(anonymous_2)","decl":{"start":{"line":39,"column":12},"end":{"line":39,"column":13}},"loc":{"start":{"line":39,"column":23},"end":{"line":47,"column":13}},"line":39},"3":{"name":"(anonymous_3)","decl":{"start":{"line":48,"column":12},"end":{"line":48,"column":13}},"loc":{"start":{"line":48,"column":21},"end":{"line":56,"column":13}},"line":48},"4":{"name":"(anonymous_4)","decl":{"start":{"line":60,"column":4},"end":{"line":60,"column":5}},"loc":{"start":{"line":60,"column":21},"end":{"line":79,"column":5}},"line":60},"5":{"name":"(anonymous_5)","decl":{"start":{"line":81,"column":4},"end":{"line":81,"column":5}},"loc":{"start":{"line":81,"column":25},"end":{"line":85,"column":5}},"line":81},"6":{"name":"(anonymous_6)","decl":{"start":{"line":86,"column":4},"end":{"line":86,"column":5}},"loc":{"start":{"line":86,"column":25},"end":{"line":88,"column":5}},"line":86},"7":{"name":"(anonymous_7)","decl":{"start":{"line":90,"column":4},"end":{"line":90,"column":5}},"loc":{"start":{"line":90,"column":25},"end":{"line":113,"column":5}},"line":90},"8":{"name":"(anonymous_8)","decl":{"start":{"line":93,"column":18},"end":{"line":93,"column":19}},"loc":{"start":{"line":93,"column":26},"end":{"line":104,"column":13}},"line":93},"9":{"name":"(anonymous_9)","decl":{"start":{"line":96,"column":20},"end":{"line":96,"column":21}},"loc":{"start":{"line":96,"column":34},"end":{"line":98,"column":21}},"line":96},"10":{"name":"(anonymous_10)","decl":{"start":{"line":99,"column":20},"end":{"line":99,"column":21}},"loc":{"start":{"line":99,"column":26},"end":{"line":101,"column":21}},"line":99},"11":{"name":"(anonymous_11)","decl":{"start":{"line":105,"column":19},"end":{"line":105,"column":20}},"loc":{"start":{"line":105,"column":30},"end":{"line":112,"column":13}},"line":105},"12":{"name":"(anonymous_12)","decl":{"start":{"line":115,"column":4},"end":{"line":115,"column":5}},"loc":{"start":{"line":115,"column":24},"end":{"line":125,"column":5}},"line":115},"13":{"name":"(anonymous_13)","decl":{"start":{"line":122,"column":20},"end":{"line":122,"column":21}},"loc":{"start":{"line":122,"column":26},"end":{"line":124,"column":9}},"line":122},"14":{"name":"(anonymous_14)","decl":{"start":{"line":127,"column":4},"end":{"line":127,"column":5}},"loc":{"start":{"line":127,"column":45},"end":{"line":145,"column":5}},"line":127},"15":{"name":"(anonymous_15)","decl":{"start":{"line":148,"column":4},"end":{"line":148,"column":5}},"loc":{"start":{"line":148,"column":33},"end":{"line":169,"column":5}},"line":148},"16":{"name":"(anonymous_16)","decl":{"start":{"line":152,"column":18},"end":{"line":152,"column":19}},"loc":{"start":{"line":152,"column":28},"end":{"line":160,"column":13}},"line":152},"17":{"name":"(anonymous_17)","decl":{"start":{"line":161,"column":19},"end":{"line":161,"column":20}},"loc":{"start":{"line":161,"column":30},"end":{"line":168,"column":13}},"line":161},"18":{"name":"(anonymous_18)","decl":{"start":{"line":171,"column":4},"end":{"line":171,"column":5}},"loc":{"start":{"line":171,"column":13},"end":{"line":226,"column":5}},"line":171},"19":{"name":"(anonymous_19)","decl":{"start":{"line":180,"column":57},"end":{"line":180,"column":58}},"loc":{"start":{"line":181,"column":16},"end":{"line":199,"column":22}},"line":181}},"branchMap":{"0":{"loc":{"start":{"line":50,"column":16},"end":{"line":55,"column":17}},"type":"if","locations":[{"start":{"line":50,"column":16},"end":{"line":55,"column":17}},{"start":{"line":50,"column":16},"end":{"line":55,"column":17}}],"line":50},"1":{"loc":{"start":{"line":64,"column":8},"end":{"line":66,"column":9}},"type":"if","locations":[{"start":{"line":64,"column":8},"end":{"line":66,"column":9}},{"start":{"line":64,"column":8},"end":{"line":66,"column":9}}],"line":64},"2":{"loc":{"start":{"line":64,"column":11},"end":{"line":64,"column":30}},"type":"binary-expr","locations":[{"start":{"line":64,"column":11},"end":{"line":64,"column":17}},{"start":{"line":64,"column":21},"end":{"line":64,"column":30}}],"line":64},"3":{"loc":{"start":{"line":71,"column":8},"end":{"line":73,"column":9}},"type":"if","locations":[{"start":{"line":71,"column":8},"end":{"line":73,"column":9}},{"start":{"line":71,"column":8},"end":{"line":73,"column":9}}],"line":71},"4":{"loc":{"start":{"line":71,"column":11},"end":{"line":71,"column":36}},"type":"binary-expr","locations":[{"start":{"line":71,"column":11},"end":{"line":71,"column":20}},{"start":{"line":71,"column":24},"end":{"line":71,"column":36}}],"line":71},"5":{"loc":{"start":{"line":76,"column":8},"end":{"line":78,"column":9}},"type":"if","locations":[{"start":{"line":76,"column":8},"end":{"line":78,"column":9}},{"start":{"line":76,"column":8},"end":{"line":78,"column":9}}],"line":76},"6":{"loc":{"start":{"line":76,"column":11},"end":{"line":76,"column":26}},"type":"binary-expr","locations":[{"start":{"line":76,"column":11},"end":{"line":76,"column":15}},{"start":{"line":76,"column":19},"end":{"line":76,"column":26}}],"line":76},"7":{"loc":{"start":{"line":107,"column":16},"end":{"line":111,"column":17}},"type":"if","locations":[{"start":{"line":107,"column":16},"end":{"line":111,"column":17}},{"start":{"line":107,"column":16},"end":{"line":111,"column":17}}],"line":107},"8":{"loc":{"start":{"line":117,"column":8},"end":{"line":119,"column":9}},"type":"if","locations":[{"start":{"line":117,"column":8},"end":{"line":119,"column":9}},{"start":{"line":117,"column":8},"end":{"line":119,"column":9}}],"line":117},"9":{"loc":{"start":{"line":117,"column":11},"end":{"line":117,"column":65}},"type":"binary-expr","locations":[{"start":{"line":117,"column":11},"end":{"line":117,"column":31}},{"start":{"line":117,"column":35},"end":{"line":117,"column":65}}],"line":117},"10":{"loc":{"start":{"line":129,"column":8},"end":{"line":134,"column":9}},"type":"if","locations":[{"start":{"line":129,"column":8},"end":{"line":134,"column":9}},{"start":{"line":129,"column":8},"end":{"line":134,"column":9}}],"line":129},"11":{"loc":{"start":{"line":136,"column":8},"end":{"line":138,"column":9}},"type":"if","locations":[{"start":{"line":136,"column":8},"end":{"line":138,"column":9}},{"start":{"line":136,"column":8},"end":{"line":138,"column":9}}],"line":136},"12":{"loc":{"start":{"line":136,"column":12},"end":{"line":136,"column":83}},"type":"binary-expr","locations":[{"start":{"line":136,"column":12},"end":{"line":136,"column":52}},{"start":{"line":136,"column":56},"end":{"line":136,"column":83}}],"line":136},"13":{"loc":{"start":{"line":140,"column":8},"end":{"line":143,"column":9}},"type":"if","locations":[{"start":{"line":140,"column":8},"end":{"line":143,"column":9}},{"start":{"line":140,"column":8},"end":{"line":143,"column":9}}],"line":140},"14":{"loc":{"start":{"line":140,"column":11},"end":{"line":141,"column":85}},"type":"binary-expr","locations":[{"start":{"line":140,"column":11},"end":{"line":140,"column":37}},{"start":{"line":140,"column":41},"end":{"line":140,"column":66}},{"start":{"line":141,"column":15},"end":{"line":141,"column":85}}],"line":140},"15":{"loc":{"start":{"line":178,"column":8},"end":{"line":201,"column":9}},"type":"if","locations":[{"start":{"line":178,"column":8},"end":{"line":201,"column":9}},{"start":{"line":178,"column":8},"end":{"line":201,"column":9}}],"line":178},"16":{"loc":{"start":{"line":183,"column":20},"end":{"line":197,"column":21}},"type":"cond-expr","locations":[{"start":{"line":184,"column":24},"end":{"line":189,"column":29}},{"start":{"line":191,"column":24},"end":{"line":196,"column":29}}],"line":183}},"s":{"0":8,"1":8,"2":8,"3":8,"4":8,"5":8,"6":8,"7":8,"8":8,"9":1,"10":1,"11":1,"12":1,"13":0,"14":0,"15":0,"16":4,"17":4,"18":4,"19":0,"20":4,"21":4,"22":4,"23":0,"24":4,"25":4,"26":0,"27":1,"28":1,"29":1,"30":1,"31":8,"32":3,"33":3,"34":3,"35":5,"36":5,"37":8,"38":2,"39":8,"40":8,"41":0,"42":22,"43":0,"44":22,"45":0,"46":22,"47":0,"48":2,"49":0,"50":2,"51":30,"52":30,"53":30,"54":30,"55":30,"56":71,"57":30},"f":{"0":8,"1":1,"2":1,"3":0,"4":4,"5":1,"6":1,"7":8,"8":3,"9":3,"10":3,"11":5,"12":8,"13":0,"14":22,"15":2,"16":0,"17":2,"18":30,"19":71},"b":{"0":[0,0],"1":[0,4],"2":[4,4],"3":[0,4],"4":[4,4],"5":[0,4],"6":[4,4],"7":[5,0],"8":[2,6],"9":[8,8],"10":[0,22],"11":[0,22],"12":[22,0],"13":[0,22],"14":[22,8,5],"15":[30,0],"16":[0,71]},"_coverageSchema":"43e27e138ebf9cfc5966b082cf9a028302ed4184","hash":"a9aaf2bcb6e65ff0909c7489e17afb4310b5a80c"}
,"/Users/bpatel/Desktop/Practise/react/drds/src/components/group-chat/index.js": {"path":"/Users/bpatel/Desktop/Practise/react/drds/src/components/group-chat/index.js","statementMap":{},"fnMap":{},"branchMap":{},"s":{},"f":{},"b":{},"_coverageSchema":"43e27e138ebf9cfc5966b082cf9a028302ed4184","hash":"fffe824c5e7df7de08c821c93750da9b40d951f6"}
,"/Users/bpatel/Desktop/Practise/react/drds/src/components/login/index.js": {"path":"/Users/bpatel/Desktop/Practise/react/drds/src/components/login/index.js","statementMap":{},"fnMap":{},"branchMap":{},"s":{},"f":{},"b":{},"_coverageSchema":"43e27e138ebf9cfc5966b082cf9a028302ed4184","hash":"d5b7e084bdd25f3ba0f965d4d1ac861b1f43b800"}
,"/Users/bpatel/Desktop/Practise/react/drds/src/components/login/login.js": {"path":"/Users/bpatel/Desktop/Practise/react/drds/src/components/login/login.js","statementMap":{"0":{"start":{"line":8,"column":8},"end":{"line":8,"column":21}},"1":{"start":{"line":9,"column":8},"end":{"line":15,"column":10}},"2":{"start":{"line":17,"column":8},"end":{"line":17,"column":49}},"3":{"start":{"line":18,"column":8},"end":{"line":18,"column":43}},"4":{"start":{"line":19,"column":8},"end":{"line":19,"column":69}},"5":{"start":{"line":20,"column":8},"end":{"line":20,"column":67}},"6":{"start":{"line":24,"column":8},"end":{"line":27,"column":9}},"7":{"start":{"line":25,"column":12},"end":{"line":25,"column":31}},"8":{"start":{"line":26,"column":12},"end":{"line":26,"column":25}},"9":{"start":{"line":30,"column":8},"end":{"line":30,"column":34}},"10":{"start":{"line":31,"column":8},"end":{"line":33,"column":11}},"11":{"start":{"line":36,"column":8},"end":{"line":38,"column":12}},"12":{"start":{"line":36,"column":36},"end":{"line":38,"column":9}},"13":{"start":{"line":41,"column":8},"end":{"line":43,"column":11}},"14":{"start":{"line":47,"column":8},"end":{"line":56,"column":9}},"15":{"start":{"line":48,"column":12},"end":{"line":55,"column":10}},"16":{"start":{"line":58,"column":29},"end":{"line":58,"column":52}},"17":{"start":{"line":61,"column":8},"end":{"line":79,"column":6}}},"fnMap":{"0":{"name":"(anonymous_0)","decl":{"start":{"line":7,"column":4},"end":{"line":7,"column":5}},"loc":{"start":{"line":7,"column":23},"end":{"line":21,"column":5}},"line":7},"1":{"name":"(anonymous_1)","decl":{"start":{"line":23,"column":4},"end":{"line":23,"column":5}},"loc":{"start":{"line":23,"column":17},"end":{"line":28,"column":5}},"line":23},"2":{"name":"(anonymous_2)","decl":{"start":{"line":29,"column":4},"end":{"line":29,"column":5}},"loc":{"start":{"line":29,"column":13},"end":{"line":34,"column":5}},"line":29},"3":{"name":"(anonymous_3)","decl":{"start":{"line":35,"column":4},"end":{"line":35,"column":5}},"loc":{"start":{"line":35,"column":26},"end":{"line":39,"column":5}},"line":35},"4":{"name":"(anonymous_4)","decl":{"start":{"line":36,"column":22},"end":{"line":36,"column":23}},"loc":{"start":{"line":36,"column":36},"end":{"line":38,"column":9}},"line":36},"5":{"name":"(anonymous_5)","decl":{"start":{"line":40,"column":4},"end":{"line":40,"column":5}},"loc":{"start":{"line":40,"column":27},"end":{"line":44,"column":5}},"line":40},"6":{"name":"(anonymous_6)","decl":{"start":{"line":46,"column":4},"end":{"line":46,"column":5}},"loc":{"start":{"line":46,"column":13},"end":{"line":80,"column":5}},"line":46}},"branchMap":{"0":{"loc":{"start":{"line":24,"column":8},"end":{"line":27,"column":9}},"type":"if","locations":[{"start":{"line":24,"column":8},"end":{"line":27,"column":9}},{"start":{"line":24,"column":8},"end":{"line":27,"column":9}}],"line":24},"1":{"loc":{"start":{"line":47,"column":8},"end":{"line":56,"column":9}},"type":"if","locations":[{"start":{"line":47,"column":8},"end":{"line":56,"column":9}},{"start":{"line":47,"column":8},"end":{"line":56,"column":9}}],"line":47},"2":{"loc":{"start":{"line":68,"column":21},"end":{"line":76,"column":21}},"type":"cond-expr","locations":[{"start":{"line":69,"column":27},"end":{"line":69,"column":53}},{"start":{"line":71,"column":20},"end":{"line":75,"column":30}}],"line":68}},"s":{"0":4,"1":4,"2":4,"3":4,"4":4,"5":4,"6":1,"7":1,"8":1,"9":2,"10":2,"11":2,"12":2,"13":1,"14":9,"15":3,"16":6,"17":6},"f":{"0":4,"1":1,"2":2,"3":2,"4":2,"5":1,"6":9},"b":{"0":[1,0],"1":[3,6],"2":[1,5]},"_coverageSchema":"43e27e138ebf9cfc5966b082cf9a028302ed4184","hash":"8962eb5736d1ed12cffab5517c853d0ecbb8d413"}
,"/Users/bpatel/Desktop/Practise/react/drds/src/components/rooms/index.js": {"path":"/Users/bpatel/Desktop/Practise/react/drds/src/components/rooms/index.js","statementMap":{},"fnMap":{},"branchMap":{},"s":{},"f":{},"b":{},"_coverageSchema":"43e27e138ebf9cfc5966b082cf9a028302ed4184","hash":"a66b78b8692758ff098b6edd8cb76573ece16ff3"}
,"/Users/bpatel/Desktop/Practise/react/drds/src/components/rooms/room.js": {"path":"/Users/bpatel/Desktop/Practise/react/drds/src/components/rooms/room.js","statementMap":{"0":{"start":{"line":9,"column":8},"end":{"line":9,"column":21}},"1":{"start":{"line":11,"column":8},"end":{"line":17,"column":10}},"2":{"start":{"line":19,"column":8},"end":{"line":19,"column":57}},"3":{"start":{"line":25,"column":8},"end":{"line":28,"column":11}},"4":{"start":{"line":30,"column":8},"end":{"line":48,"column":15}},"5":{"start":{"line":34,"column":16},"end":{"line":39,"column":19}},"6":{"start":{"line":43,"column":16},"end":{"line":47,"column":18}},"7":{"start":{"line":53,"column":7},"end":{"line":53,"column":35}},"8":{"start":{"line":58,"column":31},"end":{"line":58,"column":41}},"9":{"start":{"line":60,"column":27},"end":{"line":60,"column":31}},"10":{"start":{"line":61,"column":8},"end":{"line":68,"column":9}},"11":{"start":{"line":62,"column":12},"end":{"line":65,"column":15}},"12":{"start":{"line":63,"column":30},"end":{"line":63,"column":52}},"13":{"start":{"line":64,"column":16},"end":{"line":64,"column":122}},"14":{"start":{"line":64,"column":78},"end":{"line":64,"column":101}},"15":{"start":{"line":67,"column":12},"end":{"line":67,"column":86}},"16":{"start":{"line":70,"column":8},"end":{"line":89,"column":10}}},"fnMap":{"0":{"name":"(anonymous_0)","decl":{"start":{"line":7,"column":4},"end":{"line":7,"column":5}},"loc":{"start":{"line":7,"column":22},"end":{"line":20,"column":5}},"line":7},"1":{"name":"(anonymous_1)","decl":{"start":{"line":23,"column":4},"end":{"line":23,"column":5}},"loc":{"start":{"line":23,"column":24},"end":{"line":50,"column":5}},"line":23},"2":{"name":"(anonymous_2)","decl":{"start":{"line":32,"column":18},"end":{"line":32,"column":19}},"loc":{"start":{"line":32,"column":28},"end":{"line":40,"column":13}},"line":32},"3":{"name":"(anonymous_3)","decl":{"start":{"line":41,"column":19},"end":{"line":41,"column":20}},"loc":{"start":{"line":41,"column":30},"end":{"line":48,"column":13}},"line":41},"4":{"name":"(anonymous_4)","decl":{"start":{"line":52,"column":4},"end":{"line":52,"column":5}},"loc":{"start":{"line":52,"column":23},"end":{"line":54,"column":5}},"line":52},"5":{"name":"(anonymous_5)","decl":{"start":{"line":56,"column":4},"end":{"line":56,"column":5}},"loc":{"start":{"line":56,"column":13},"end":{"line":90,"column":5}},"line":56},"6":{"name":"(anonymous_6)","decl":{"start":{"line":62,"column":38},"end":{"line":62,"column":39}},"loc":{"start":{"line":62,"column":48},"end":{"line":65,"column":13}},"line":62},"7":{"name":"(anonymous_7)","decl":{"start":{"line":64,"column":72},"end":{"line":64,"column":73}},"loc":{"start":{"line":64,"column":78},"end":{"line":64,"column":101}},"line":64}},"branchMap":{"0":{"loc":{"start":{"line":61,"column":8},"end":{"line":68,"column":9}},"type":"if","locations":[{"start":{"line":61,"column":8},"end":{"line":68,"column":9}},{"start":{"line":61,"column":8},"end":{"line":68,"column":9}}],"line":61}},"s":{"0":7,"1":7,"2":7,"3":7,"4":7,"5":2,"6":5,"7":1,"8":26,"9":26,"10":26,"11":4,"12":20,"13":20,"14":1,"15":22,"16":26},"f":{"0":7,"1":7,"2":2,"3":5,"4":1,"5":26,"6":20,"7":1},"b":{"0":[4,22]},"_coverageSchema":"43e27e138ebf9cfc5966b082cf9a028302ed4184","hash":"321e19988c8f614a1b001ec7041f1e35a3128522"}
,"/Users/bpatel/Desktop/Practise/react/drds/src/services/apiService.js": {"path":"/Users/bpatel/Desktop/Practise/react/drds/src/services/apiService.js","statementMap":{"0":{"start":{"line":3,"column":25},"end":{"line":3,"column":58}},"1":{"start":{"line":7,"column":8},"end":{"line":21,"column":15}},"2":{"start":{"line":13,"column":16},"end":{"line":13,"column":33}},"3":{"start":{"line":17,"column":16},"end":{"line":19,"column":17}},"4":{"start":{"line":18,"column":20},"end":{"line":18,"column":90}},"5":{"start":{"line":20,"column":16},"end":{"line":20,"column":28}},"6":{"start":{"line":27,"column":23},"end":{"line":27,"column":50}},"7":{"start":{"line":29,"column":8},"end":{"line":43,"column":15}},"8":{"start":{"line":35,"column":16},"end":{"line":35,"column":33}},"9":{"start":{"line":39,"column":16},"end":{"line":41,"column":17}},"10":{"start":{"line":40,"column":20},"end":{"line":40,"column":90}},"11":{"start":{"line":42,"column":16},"end":{"line":42,"column":28}},"12":{"start":{"line":48,"column":23},"end":{"line":48,"column":64}},"13":{"start":{"line":50,"column":8},"end":{"line":50,"column":86}},"14":{"start":{"line":52,"column":8},"end":{"line":73,"column":15}},"15":{"start":{"line":65,"column":16},"end":{"line":65,"column":33}},"16":{"start":{"line":69,"column":16},"end":{"line":71,"column":17}},"17":{"start":{"line":70,"column":20},"end":{"line":70,"column":64}},"18":{"start":{"line":72,"column":16},"end":{"line":72,"column":28}},"19":{"start":{"line":79,"column":23},"end":{"line":79,"column":64}},"20":{"start":{"line":81,"column":8},"end":{"line":96,"column":15}},"21":{"start":{"line":88,"column":16},"end":{"line":88,"column":33}},"22":{"start":{"line":92,"column":16},"end":{"line":94,"column":17}},"23":{"start":{"line":93,"column":20},"end":{"line":93,"column":64}},"24":{"start":{"line":95,"column":16},"end":{"line":95,"column":28}},"25":{"start":{"line":99,"column":4},"end":{"line":104,"column":6}}},"fnMap":{"0":{"name":"apiService","decl":{"start":{"line":1,"column":16},"end":{"line":1,"column":26}},"loc":{"start":{"line":1,"column":29},"end":{"line":106,"column":1}},"line":1},"1":{"name":"getRooms","decl":{"start":{"line":5,"column":13},"end":{"line":5,"column":21}},"loc":{"start":{"line":5,"column":24},"end":{"line":22,"column":5}},"line":5},"2":{"name":"(anonymous_2)","decl":{"start":{"line":12,"column":18},"end":{"line":12,"column":19}},"loc":{"start":{"line":12,"column":27},"end":{"line":14,"column":13}},"line":12},"3":{"name":"(anonymous_3)","decl":{"start":{"line":15,"column":18},"end":{"line":15,"column":19}},"loc":{"start":{"line":15,"column":28},"end":{"line":21,"column":13}},"line":15},"4":{"name":"getRoomDetails","decl":{"start":{"line":25,"column":13},"end":{"line":25,"column":27}},"loc":{"start":{"line":25,"column":36},"end":{"line":44,"column":5}},"line":25},"5":{"name":"(anonymous_5)","decl":{"start":{"line":34,"column":18},"end":{"line":34,"column":19}},"loc":{"start":{"line":34,"column":27},"end":{"line":36,"column":13}},"line":34},"6":{"name":"(anonymous_6)","decl":{"start":{"line":37,"column":18},"end":{"line":37,"column":19}},"loc":{"start":{"line":37,"column":28},"end":{"line":43,"column":13}},"line":37},"7":{"name":"sendGroupMessage","decl":{"start":{"line":46,"column":13},"end":{"line":46,"column":29}},"loc":{"start":{"line":46,"column":53},"end":{"line":74,"column":5}},"line":46},"8":{"name":"(anonymous_8)","decl":{"start":{"line":63,"column":18},"end":{"line":63,"column":19}},"loc":{"start":{"line":63,"column":27},"end":{"line":66,"column":13}},"line":63},"9":{"name":"(anonymous_9)","decl":{"start":{"line":67,"column":18},"end":{"line":67,"column":19}},"loc":{"start":{"line":67,"column":28},"end":{"line":73,"column":13}},"line":67},"10":{"name":"getGroupMessages","decl":{"start":{"line":77,"column":13},"end":{"line":77,"column":29}},"loc":{"start":{"line":77,"column":38},"end":{"line":97,"column":5}},"line":77},"11":{"name":"(anonymous_11)","decl":{"start":{"line":86,"column":18},"end":{"line":86,"column":19}},"loc":{"start":{"line":86,"column":27},"end":{"line":89,"column":13}},"line":86},"12":{"name":"(anonymous_12)","decl":{"start":{"line":90,"column":18},"end":{"line":90,"column":19}},"loc":{"start":{"line":90,"column":28},"end":{"line":96,"column":13}},"line":90}},"branchMap":{"0":{"loc":{"start":{"line":17,"column":16},"end":{"line":19,"column":17}},"type":"if","locations":[{"start":{"line":17,"column":16},"end":{"line":19,"column":17}},{"start":{"line":17,"column":16},"end":{"line":19,"column":17}}],"line":17},"1":{"loc":{"start":{"line":39,"column":16},"end":{"line":41,"column":17}},"type":"if","locations":[{"start":{"line":39,"column":16},"end":{"line":41,"column":17}},{"start":{"line":39,"column":16},"end":{"line":41,"column":17}}],"line":39},"2":{"loc":{"start":{"line":69,"column":16},"end":{"line":71,"column":17}},"type":"if","locations":[{"start":{"line":69,"column":16},"end":{"line":71,"column":17}},{"start":{"line":69,"column":16},"end":{"line":71,"column":17}}],"line":69},"3":{"loc":{"start":{"line":92,"column":16},"end":{"line":94,"column":17}},"type":"if","locations":[{"start":{"line":92,"column":16},"end":{"line":94,"column":17}},{"start":{"line":92,"column":16},"end":{"line":94,"column":17}}],"line":92}},"s":{"0":21,"1":7,"2":7,"3":2,"4":0,"5":2,"6":5,"7":5,"8":5,"9":1,"10":0,"11":1,"12":1,"13":1,"14":1,"15":1,"16":1,"17":0,"18":1,"19":8,"20":8,"21":7,"22":3,"23":0,"24":3,"25":21},"f":{"0":21,"1":7,"2":7,"3":2,"4":5,"5":5,"6":1,"7":1,"8":1,"9":1,"10":8,"11":7,"12":3},"b":{"0":[0,2],"1":[0,1],"2":[0,1],"3":[0,3]},"_coverageSchema":"43e27e138ebf9cfc5966b082cf9a028302ed4184","hash":"7af1bfcf09b68249df08eaf5bed0483121ed66be"}
}
