TN:
SF:/Users/bpatel/Desktop/Practise/react/drds/src/components/chat-window/chatwindow.js
FN:17,(anonymous_0)
FN:36,(anonymous_1)
FN:46,(anonymous_2)
FN:50,(anonymous_3)
FN:52,(anonymous_4)
FN:62,(anonymous_5)
FN:70,(anonymous_6)
FN:79,(anonymous_7)
FN:89,(anonymous_8)
FN:101,(anonymous_9)
FNF:10
FNH:8
FNDA:3,(anonymous_0)
FNDA:3,(anonymous_1)
FNDA:0,(anonymous_2)
FNDA:3,(anonymous_3)
FNDA:9,(anonymous_4)
FNDA:3,(anonymous_5)
FNDA:1,(anonymous_6)
FNDA:2,(anonymous_7)
FNDA:10,(anonymous_8)
FNDA:0,(anonymous_9)
DA:19,3
DA:20,3
DA:21,3
DA:22,0
DA:24,3
DA:32,3
DA:33,3
DA:38,3
DA:43,3
DA:47,0
DA:51,3
DA:52,3
DA:53,9
DA:54,6
DA:56,3
DA:59,3
DA:64,3
DA:68,3
DA:72,1
DA:81,2
DA:91,10
DA:92,10
DA:93,10
DA:94,3
DA:97,10
DA:98,10
DA:101,0
LF:27
LH:24
BRDA:21,0,0,0
BRDA:21,0,1,3
BRDA:21,1,0,3
BRDA:21,1,1,3
BRDA:47,2,0,0
BRDA:47,2,1,0
BRDA:53,3,0,6
BRDA:53,3,1,3
BRDA:93,4,0,3
BRDA:93,4,1,7
BRDA:97,5,0,10
BRDA:97,5,1,0
BRF:12
BRH:8
end_of_record
TN:
SF:/Users/bpatel/Desktop/Practise/react/drds/src/components/chat-window/index.js
FNF:0
FNH:0
LF:0
LH:0
BRF:0
BRH:0
end_of_record
TN:
SF:/Users/bpatel/Desktop/Practise/react/drds/src/components/group-chat/groupchat.js
FN:9,(anonymous_0)
FN:34,(anonymous_1)
FN:39,(anonymous_2)
FN:48,(anonymous_3)
FN:60,(anonymous_4)
FN:81,(anonymous_5)
FN:86,(anonymous_6)
FN:90,(anonymous_7)
FN:93,(anonymous_8)
FN:96,(anonymous_9)
FN:99,(anonymous_10)
FN:105,(anonymous_11)
FN:115,(anonymous_12)
FN:122,(anonymous_13)
FN:127,(anonymous_14)
FN:148,(anonymous_15)
FN:152,(anonymous_16)
FN:161,(anonymous_17)
FN:171,(anonymous_18)
FN:180,(anonymous_19)
FNF:20
FNH:17
FNDA:8,(anonymous_0)
FNDA:1,(anonymous_1)
FNDA:1,(anonymous_2)
FNDA:0,(anonymous_3)
FNDA:4,(anonymous_4)
FNDA:1,(anonymous_5)
FNDA:1,(anonymous_6)
FNDA:8,(anonymous_7)
FNDA:3,(anonymous_8)
FNDA:3,(anonymous_9)
FNDA:3,(anonymous_10)
FNDA:5,(anonymous_11)
FNDA:8,(anonymous_12)
FNDA:0,(anonymous_13)
FNDA:22,(anonymous_14)
FNDA:2,(anonymous_15)
FNDA:0,(anonymous_16)
FNDA:2,(anonymous_17)
FNDA:30,(anonymous_18)
FNDA:71,(anonymous_19)
DA:11,8
DA:12,8
DA:22,8
DA:23,8
DA:25,8
DA:26,8
DA:28,8
DA:29,8
DA:31,8
DA:36,1
DA:41,1
DA:45,1
DA:46,1
DA:50,0
DA:51,0
DA:52,0
DA:62,4
DA:63,4
DA:64,4
DA:65,0
DA:69,4
DA:70,4
DA:71,4
DA:72,0
DA:75,4
DA:76,4
DA:77,0
DA:82,1
DA:83,1
DA:84,1
DA:87,1
DA:91,8
DA:95,3
DA:96,3
DA:100,3
DA:107,5
DA:108,5
DA:117,8
DA:118,2
DA:121,8
DA:122,8
DA:123,0
DA:129,22
DA:130,0
DA:136,22
DA:137,0
DA:140,22
DA:142,0
DA:150,2
DA:154,0
DA:163,2
DA:173,30
DA:174,30
DA:176,30
DA:178,30
DA:180,30
DA:181,71
DA:203,30
LF:58
LH:47
BRDA:50,0,0,0
BRDA:50,0,1,0
BRDA:64,1,0,0
BRDA:64,1,1,4
BRDA:64,2,0,4
BRDA:64,2,1,4
BRDA:71,3,0,0
BRDA:71,3,1,4
BRDA:71,4,0,4
BRDA:71,4,1,4
BRDA:76,5,0,0
BRDA:76,5,1,4
BRDA:76,6,0,4
BRDA:76,6,1,4
BRDA:107,7,0,5
BRDA:107,7,1,0
BRDA:117,8,0,2
BRDA:117,8,1,6
BRDA:117,9,0,8
BRDA:117,9,1,8
BRDA:129,10,0,0
BRDA:129,10,1,22
BRDA:136,11,0,0
BRDA:136,11,1,22
BRDA:136,12,0,22
BRDA:136,12,1,0
BRDA:140,13,0,0
BRDA:140,13,1,22
BRDA:140,14,0,22
BRDA:140,14,1,8
BRDA:140,14,2,5
BRDA:178,15,0,30
BRDA:178,15,1,0
BRDA:183,16,0,0
BRDA:183,16,1,71
BRF:35
BRH:23
end_of_record
TN:
SF:/Users/bpatel/Desktop/Practise/react/drds/src/components/group-chat/index.js
FNF:0
FNH:0
LF:0
LH:0
BRF:0
BRH:0
end_of_record
TN:
SF:/Users/bpatel/Desktop/Practise/react/drds/src/components/login/index.js
FNF:0
FNH:0
LF:0
LH:0
BRF:0
BRH:0
end_of_record
TN:
SF:/Users/bpatel/Desktop/Practise/react/drds/src/components/login/login.js
FN:7,(anonymous_0)
FN:23,(anonymous_1)
FN:29,(anonymous_2)
FN:35,(anonymous_3)
FN:36,(anonymous_4)
FN:40,(anonymous_5)
FN:46,(anonymous_6)
FNF:7
FNH:7
FNDA:4,(anonymous_0)
FNDA:1,(anonymous_1)
FNDA:2,(anonymous_2)
FNDA:2,(anonymous_3)
FNDA:2,(anonymous_4)
FNDA:1,(anonymous_5)
FNDA:9,(anonymous_6)
DA:8,4
DA:9,4
DA:17,4
DA:18,4
DA:19,4
DA:20,4
DA:24,1
DA:25,1
DA:26,1
DA:30,2
DA:31,2
DA:36,2
DA:41,1
DA:47,9
DA:48,3
DA:58,6
DA:61,6
LF:17
LH:17
BRDA:24,0,0,1
BRDA:24,0,1,0
BRDA:47,1,0,3
BRDA:47,1,1,6
BRDA:68,2,0,1
BRDA:68,2,1,5
BRF:6
BRH:5
end_of_record
TN:
SF:/Users/bpatel/Desktop/Practise/react/drds/src/components/rooms/index.js
FNF:0
FNH:0
LF:0
LH:0
BRF:0
BRH:0
end_of_record
TN:
SF:/Users/bpatel/Desktop/Practise/react/drds/src/components/rooms/room.js
FN:7,(anonymous_0)
FN:23,(anonymous_1)
FN:32,(anonymous_2)
FN:41,(anonymous_3)
FN:52,(anonymous_4)
FN:56,(anonymous_5)
FN:62,(anonymous_6)
FN:64,(anonymous_7)
FNF:8
FNH:8
FNDA:7,(anonymous_0)
FNDA:7,(anonymous_1)
FNDA:2,(anonymous_2)
FNDA:5,(anonymous_3)
FNDA:1,(anonymous_4)
FNDA:26,(anonymous_5)
FNDA:20,(anonymous_6)
FNDA:1,(anonymous_7)
DA:9,7
DA:11,7
DA:19,7
DA:25,7
DA:30,7
DA:34,2
DA:43,5
DA:53,1
DA:58,26
DA:60,26
DA:61,26
DA:62,4
DA:63,20
DA:64,20
DA:67,22
DA:70,26
LF:16
LH:16
BRDA:61,0,0,4
BRDA:61,0,1,22
BRF:2
BRH:2
end_of_record
TN:
SF:/Users/bpatel/Desktop/Practise/react/drds/src/services/apiService.js
FN:1,apiService
FN:5,getRooms
FN:12,(anonymous_2)
FN:15,(anonymous_3)
FN:25,getRoomDetails
FN:34,(anonymous_5)
FN:37,(anonymous_6)
FN:46,sendGroupMessage
FN:63,(anonymous_8)
FN:67,(anonymous_9)
FN:77,getGroupMessages
FN:86,(anonymous_11)
FN:90,(anonymous_12)
FNF:13
FNH:13
FNDA:21,apiService
FNDA:7,getRooms
FNDA:7,(anonymous_2)
FNDA:2,(anonymous_3)
FNDA:5,getRoomDetails
FNDA:5,(anonymous_5)
FNDA:1,(anonymous_6)
FNDA:1,sendGroupMessage
FNDA:1,(anonymous_8)
FNDA:1,(anonymous_9)
FNDA:8,getGroupMessages
FNDA:7,(anonymous_11)
FNDA:3,(anonymous_12)
DA:3,21
DA:7,7
DA:13,7
DA:17,2
DA:18,0
DA:20,2
DA:27,5
DA:29,5
DA:35,5
DA:39,1
DA:40,0
DA:42,1
DA:48,1
DA:50,1
DA:52,1
DA:65,1
DA:69,1
DA:70,0
DA:72,1
DA:79,8
DA:81,8
DA:88,7
DA:92,3
DA:93,0
DA:95,3
DA:99,21
LF:26
LH:22
BRDA:17,0,0,0
BRDA:17,0,1,2
BRDA:39,1,0,0
BRDA:39,1,1,1
BRDA:69,2,0,0
BRDA:69,2,1,1
BRDA:92,3,0,0
BRDA:92,3,1,3
BRF:8
BRH:4
end_of_record
